Performing C SOURCE FILE Test C_SUPPORTS_WERROR_UNGUARDED_AVAILABILITY_NEW failed with the following output:
Change Dir: /home/lzzd/dse/cmake-build-debug/CMakeFiles/CMakeTmp

Run Build Command(s):/usr/bin/make cmTC_c7aba/fast && /usr/bin/make  -f CMakeFiles/cmTC_c7aba.dir/build.make CMakeFiles/cmTC_c7aba.dir/build
make[1]: Entering directory '/home/lzzd/dse/cmake-build-debug/CMakeFiles/CMakeTmp'
Building C object CMakeFiles/cmTC_c7aba.dir/src.c.o
/usr/bin/cc   -fPIC -Werror=date-time -DC_SUPPORTS_WERROR_UNGUARDED_AVAILABILITY_NEW   -Werror -Werror=unguarded-availability-new -o CMakeFiles/cmTC_c7aba.dir/src.c.o   -c /home/lzzd/dse/cmake-build-debug/CMakeFiles/CMakeTmp/src.c
cc1: error: '-Werror=unguarded-availability-new': no option -Wunguarded-availability-new
make[1]: *** [CMakeFiles/cmTC_c7aba.dir/build.make:86: CMakeFiles/cmTC_c7aba.dir/src.c.o] Error 1
make[1]: Leaving directory '/home/lzzd/dse/cmake-build-debug/CMakeFiles/CMakeTmp'
make: *** [Makefile:141: cmTC_c7aba/fast] Error 2


Source file was:
int main(void) { return 0; }
Performing C++ SOURCE FILE Test CXX_SUPPORTS_WERROR_UNGUARDED_AVAILABILITY_NEW failed with the following output:
Change Dir: /home/lzzd/dse/cmake-build-debug/CMakeFiles/CMakeTmp

Run Build Command(s):/usr/bin/make cmTC_cef42/fast && /usr/bin/make  -f CMakeFiles/cmTC_cef42.dir/build.make CMakeFiles/cmTC_cef42.dir/build
make[1]: Entering directory '/home/lzzd/dse/cmake-build-debug/CMakeFiles/CMakeTmp'
Building CXX object CMakeFiles/cmTC_cef42.dir/src.cxx.o
/usr/bin/c++    -fPIC -fvisibility-inlines-hidden -Werror=date-time -DCXX_SUPPORTS_WERROR_UNGUARDED_AVAILABILITY_NEW   -Werror -Werror=unguarded-availability-new -o CMakeFiles/cmTC_cef42.dir/src.cxx.o -c /home/lzzd/dse/cmake-build-debug/CMakeFiles/CMakeTmp/src.cxx
cc1plus: error: '-Werror=unguarded-availability-new': no option -Wunguarded-availability-new
make[1]: *** [CMakeFiles/cmTC_cef42.dir/build.make:86: CMakeFiles/cmTC_cef42.dir/src.cxx.o] Error 1
make[1]: Leaving directory '/home/lzzd/dse/cmake-build-debug/CMakeFiles/CMakeTmp'
make: *** [Makefile:141: cmTC_cef42/fast] Error 2


Source file was:
int main() { return 0; }
